
> @nova-architect/cli@0.0.1 build /Users/vladimirpronevic/RiderProjects/site-creator/packages/cli
> tsup

CLI Building entry: {"index":"src/index.ts","bin/nova":"bin/nova.ts"}
CLI Using tsconfig: tsconfig.json
CLI tsup v8.5.1
CLI Using tsup config: /Users/vladimirpronevic/RiderProjects/site-creator/packages/cli/tsup.config.ts
CLI Target: es2022
CLI Cleaning output folder
ESM Build start
ESM dist/index.js            319.00 B
ESM dist/setup-WNMODRZJ.js   103.00 B
ESM dist/package-TG2CJSA7.js 865.00 B
ESM dist/chunk-26MAYSAJ.js   7.08 KB
ESM dist/chunk-3RG5ZIWI.js   390.00 B
ESM dist/chunk-B2EYX37M.js   63.55 KB
ESM dist/bin/nova.js         212.00 B
ESM ⚡️ Build success in 18ms
DTS Build start
DTS ⚡️ Build success in 922ms
DTS dist/index.d.ts 2.40 KB
