
> @nova-architect/overlay@0.0.1 build /Users/vladimirpronevic/RiderProjects/site-creator/packages/overlay
> tsup

CLI Building entry: {"nova-overlay":"src/index.ts"}
CLI Using tsconfig: tsconfig.json
CLI tsup v8.5.1
CLI Using tsup config: /Users/vladimirpronevic/RiderProjects/site-creator/packages/overlay/tsup.config.ts
CLI Building entry: src/index.ts
CLI Using tsconfig: tsconfig.json
CLI tsup v8.5.1
CLI Using tsup config: /Users/vladimirpronevic/RiderProjects/site-creator/packages/overlay/tsup.config.ts
CLI Target: es2020
IIFE Build start
CLI Target: es2022
CLI Cleaning output folder
ESM Build start
IIFE dist/nova-overlay.global.js 275.56 KB
IIFE ⚡️ Build success in 41ms
ESM dist/index.js 106.73 KB
ESM ⚡️ Build success in 37ms
DTS Build start
DTS ⚡️ Build success in 1789ms
DTS dist/index.d.ts 17.14 KB
